2025-01-26 19:46:04 - c.m.d.DatamaskingApplication - Starting DatamaskingApplication using Java 22.0.1 with PID 2676 (D:\coding\SpringBoot\datamasking\target\classes started by ASUS in D:\coding\SpringBoot\datamasking)
2025-01-26 19:46:04 - c.m.d.DatamaskingApplication - No active profile set, falling back to 1 default profile: "default"
2025-01-26 19:46:04 - o.s.b.d.e.DevToolsPropertyDefaultsPostProcessor - Devtools property defaults active! Set 'spring.devtools.add-properties' to 'false' to disable
2025-01-26 19:46:04 - o.s.b.d.e.DevToolsPropertyDefaultsPostProcessor - For additional web related logging consider setting the 'logging.level.web' property to 'DEBUG'
2025-01-26 19:46:11 - o.s.d.r.c.RepositoryConfigurationDelegate - Bootstrapping Spring Data JPA repositories in DEFAULT mode.
2025-01-26 19:46:11 - o.s.d.r.c.RepositoryConfigurationDelegate - Finished Spring Data repository scanning in 89 ms. Found 1 JPA repository interface.
2025-01-26 19:46:13 - o.s.b.w.e.tomcat.TomcatWebServer - Tomcat initialized with port 8080 (http)
2025-01-26 19:46:13 - o.a.coyote.http11.Http11NioProtocol - Initializing ProtocolHandler ["http-nio-8080"]
2025-01-26 19:46:13 - o.a.catalina.core.StandardService - Starting service [Tomcat]
2025-01-26 19:46:13 - o.a.catalina.core.StandardEngine - Starting Servlet engine: [Apache Tomcat/10.1.34]
2025-01-26 19:46:13 - o.a.c.c.C.[Tomcat].[localhost].[/] - Initializing Spring embedded WebApplicationContext
2025-01-26 19:46:13 - o.s.b.w.s.c.ServletWebServerApplicationContext - Root WebApplicationContext: initialization completed in 9456 ms
2025-01-26 19:46:14 - o.h.jpa.internal.util.LogHelper - HHH000204: Processing PersistenceUnitInfo [name: default]
2025-01-26 19:46:14 - org.hibernate.Version - HHH000412: Hibernate ORM core version 6.6.5.Final
2025-01-26 19:46:14 - o.h.c.i.RegionFactoryInitiator - HHH000026: Second-level cache disabled
2025-01-26 19:46:15 - o.s.o.j.p.SpringPersistenceUnitInfo - No LoadTimeWeaver setup: ignoring JPA class transformer
2025-01-26 19:46:15 - com.zaxxer.hikari.HikariDataSource - HikariPool-1 - Starting...
2025-01-26 19:46:15 - com.zaxxer.hikari.pool.HikariPool - HikariPool-1 - Added connection com.mysql.cj.jdbc.ConnectionImpl@419dae83
2025-01-26 19:46:15 - com.zaxxer.hikari.HikariDataSource - HikariPool-1 - Start completed.
2025-01-26 19:46:15 - org.hibernate.orm.deprecation - HHH90000025: MySQLDialect does not need to be specified explicitly using 'hibernate.dialect' (remove the property setting and it will be selected by default)
2025-01-26 19:46:15 - o.hibernate.orm.connections.pooling - HHH10001005: Database info:
	Database JDBC URL [Connecting through datasource 'HikariDataSource (HikariPool-1)']
	Database driver: undefined/unknown
	Database version: 8.0.32
	Autocommit mode: undefined/unknown
	Isolation level: undefined/unknown
	Minimum pool size: undefined/unknown
	Maximum pool size: undefined/unknown
2025-01-26 19:46:17 - o.h.e.t.j.p.i.JtaPlatformInitiator - HHH000489: No JTA platform available (set 'hibernate.transaction.jta.platform' to enable JTA platform integration)
2025-01-26 19:46:17 - o.s.o.j.LocalContainerEntityManagerFactoryBean - Initialized JPA EntityManagerFactory for persistence unit 'default'
2025-01-26 19:46:18 - o.s.s.c.a.a.c.InitializeAuthenticationProviderBeanManagerConfigurer$InitializeAuthenticationProviderManagerConfigurer - Global AuthenticationManager configured with AuthenticationProvider bean with name authenticationProvider
2025-01-26 19:46:18 - o.s.s.c.a.a.c.InitializeUserDetailsBeanManagerConfigurer$InitializeUserDetailsManagerConfigurer - Global AuthenticationManager configured with an AuthenticationProvider bean. UserDetailsService beans will not be used by Spring Security for automatically configuring username/password login. Consider removing the AuthenticationProvider bean. Alternatively, consider using the UserDetailsService in a manually instantiated DaoAuthenticationProvider. If the current configuration is intentional, to turn off this warning, increase the logging level of 'org.springframework.security.config.annotation.authentication.configuration.InitializeUserDetailsBeanManagerConfigurer' to ERROR
2025-01-26 19:46:18 - o.s.b.a.o.j.JpaBaseConfiguration$JpaWebConfiguration - spring.jpa.open-in-view is enabled by default. Therefore, database queries may be performed during view rendering. Explicitly configure spring.jpa.open-in-view to disable this warning
2025-01-26 19:46:20 - o.s.b.d.a.OptionalLiveReloadServer - LiveReload server is running on port 35729
2025-01-26 19:46:20 - o.a.coyote.http11.Http11NioProtocol - Starting ProtocolHandler ["http-nio-8080"]
2025-01-26 19:46:20 - o.s.b.w.e.tomcat.TomcatWebServer - Tomcat started on port 8080 (http) with context path '/'
2025-01-26 19:46:20 - c.m.d.DatamaskingApplication - Started DatamaskingApplication in 17.893 seconds (process running for 19.349)
2025-01-26 19:46:31 - o.a.c.c.C.[Tomcat].[localhost].[/] - Initializing Spring DispatcherServlet 'dispatcherServlet'
2025-01-26 19:46:31 - o.s.web.servlet.DispatcherServlet - Initializing Servlet 'dispatcherServlet'
2025-01-26 19:46:31 - o.s.web.servlet.DispatcherServlet - Completed initialization in 1 ms
2025-01-26 19:46:31 - c.m.datamasking.Custom.LoggingAspect - 
Before Method execution.

2025-01-26 19:46:31 - c.m.datamasking.Custom.LoggingAspect - Before executing transferMoney method...
2025-01-26 19:46:31 - c.m.datamasking.Custom.LoggingAspect - Input Details: 
2025-01-26 19:46:31 - c.m.datamasking.Custom.LoggingAspect - From Account: 123def
2025-01-26 19:46:31 - c.m.datamasking.Custom.LoggingAspect - Amount: $100.0
2025-01-26 19:46:31 - c.m.datamasking.Custom.LoggingAspect - inside transfer
2025-01-26 19:46:31 - c.m.datamasking.Custom.LoggingAspect - After executing transferMoney method...
2025-01-26 19:46:31 - c.m.datamasking.Custom.LoggingAspect - Result: Transferred $100.0 from 123def to 123abc
2025-01-26 19:46:48 - c.m.d.DatamaskingApplication - Starting DatamaskingApplication using Java 22.0.1 with PID 14072 (D:\coding\SpringBoot\datamasking\target\classes started by ASUS in D:\coding\SpringBoot\datamasking)
2025-01-26 19:46:48 - c.m.d.DatamaskingApplication - No active profile set, falling back to 1 default profile: "default"
2025-01-26 19:46:48 - o.s.b.d.e.DevToolsPropertyDefaultsPostProcessor - Devtools property defaults active! Set 'spring.devtools.add-properties' to 'false' to disable
2025-01-26 19:46:48 - o.s.b.d.e.DevToolsPropertyDefaultsPostProcessor - For additional web related logging consider setting the 'logging.level.web' property to 'DEBUG'
2025-01-26 19:46:50 - o.s.d.r.c.RepositoryConfigurationDelegate - Bootstrapping Spring Data JPA repositories in DEFAULT mode.
2025-01-26 19:46:50 - o.s.d.r.c.RepositoryConfigurationDelegate - Finished Spring Data repository scanning in 123 ms. Found 1 JPA repository interface.
2025-01-26 19:46:52 - o.s.b.w.e.tomcat.TomcatWebServer - Tomcat initialized with port 8080 (http)
2025-01-26 19:46:52 - o.a.coyote.http11.Http11NioProtocol - Initializing ProtocolHandler ["http-nio-8080"]
2025-01-26 19:46:52 - o.a.catalina.core.StandardService - Starting service [Tomcat]
2025-01-26 19:46:52 - o.a.catalina.core.StandardEngine - Starting Servlet engine: [Apache Tomcat/10.1.34]
2025-01-26 19:46:53 - o.a.c.c.C.[Tomcat].[localhost].[/] - Initializing Spring embedded WebApplicationContext
2025-01-26 19:46:53 - o.s.b.w.s.c.ServletWebServerApplicationContext - Root WebApplicationContext: initialization completed in 4053 ms
2025-01-26 19:46:53 - o.h.jpa.internal.util.LogHelper - HHH000204: Processing PersistenceUnitInfo [name: default]
2025-01-26 19:46:53 - org.hibernate.Version - HHH000412: Hibernate ORM core version 6.6.5.Final
2025-01-26 19:46:53 - o.h.c.i.RegionFactoryInitiator - HHH000026: Second-level cache disabled
2025-01-26 19:46:54 - o.s.o.j.p.SpringPersistenceUnitInfo - No LoadTimeWeaver setup: ignoring JPA class transformer
2025-01-26 19:46:54 - com.zaxxer.hikari.HikariDataSource - HikariPool-1 - Starting...
2025-01-26 19:46:55 - com.zaxxer.hikari.pool.HikariPool - HikariPool-1 - Added connection com.mysql.cj.jdbc.ConnectionImpl@674a9279
2025-01-26 19:46:55 - com.zaxxer.hikari.HikariDataSource - HikariPool-1 - Start completed.
2025-01-26 19:46:55 - org.hibernate.orm.deprecation - HHH90000025: MySQLDialect does not need to be specified explicitly using 'hibernate.dialect' (remove the property setting and it will be selected by default)
2025-01-26 19:46:56 - o.hibernate.orm.connections.pooling - HHH10001005: Database info:
	Database JDBC URL [Connecting through datasource 'HikariDataSource (HikariPool-1)']
	Database driver: undefined/unknown
	Database version: 8.0.32
	Autocommit mode: undefined/unknown
	Isolation level: undefined/unknown
	Minimum pool size: undefined/unknown
	Maximum pool size: undefined/unknown
2025-01-26 19:46:58 - o.h.e.t.j.p.i.JtaPlatformInitiator - HHH000489: No JTA platform available (set 'hibernate.transaction.jta.platform' to enable JTA platform integration)
2025-01-26 19:46:58 - o.s.o.j.LocalContainerEntityManagerFactoryBean - Initialized JPA EntityManagerFactory for persistence unit 'default'
2025-01-26 19:47:01 - o.s.s.c.a.a.c.InitializeAuthenticationProviderBeanManagerConfigurer$InitializeAuthenticationProviderManagerConfigurer - Global AuthenticationManager configured with AuthenticationProvider bean with name authenticationProvider
2025-01-26 19:47:01 - o.s.s.c.a.a.c.InitializeUserDetailsBeanManagerConfigurer$InitializeUserDetailsManagerConfigurer - Global AuthenticationManager configured with an AuthenticationProvider bean. UserDetailsService beans will not be used by Spring Security for automatically configuring username/password login. Consider removing the AuthenticationProvider bean. Alternatively, consider using the UserDetailsService in a manually instantiated DaoAuthenticationProvider. If the current configuration is intentional, to turn off this warning, increase the logging level of 'org.springframework.security.config.annotation.authentication.configuration.InitializeUserDetailsBeanManagerConfigurer' to ERROR
2025-01-26 19:47:01 - o.s.b.a.o.j.JpaBaseConfiguration$JpaWebConfiguration - spring.jpa.open-in-view is enabled by default. Therefore, database queries may be performed during view rendering. Explicitly configure spring.jpa.open-in-view to disable this warning
2025-01-26 19:47:04 - o.s.b.d.a.OptionalLiveReloadServer - LiveReload server is running on port 35729
2025-01-26 19:47:04 - o.a.coyote.http11.Http11NioProtocol - Starting ProtocolHandler ["http-nio-8080"]
2025-01-26 19:47:04 - o.s.b.w.e.tomcat.TomcatWebServer - Tomcat started on port 8080 (http) with context path '/'
2025-01-26 19:47:04 - c.m.d.DatamaskingApplication - Started DatamaskingApplication in 17.029 seconds (process running for 18.072)
2025-01-26 19:51:05 - o.s.b.d.a.LocalDevToolsAutoConfiguration$RestartingClassPathChangeChangedEventListener - Restarting due to 1 class path change (0 additions, 0 deletions, 1 modification)
2025-01-26 19:51:05 - o.s.b.w.e.tomcat.GracefulShutdown - Commencing graceful shutdown. Waiting for active requests to complete
2025-01-26 19:51:05 - o.a.coyote.http11.Http11NioProtocol - Pausing ProtocolHandler ["http-nio-8080"]
2025-01-26 19:51:05 - o.s.b.w.e.tomcat.GracefulShutdown - Graceful shutdown complete
2025-01-26 19:51:05 - o.a.coyote.http11.Http11NioProtocol - Stopping ProtocolHandler ["http-nio-8080"]
2025-01-26 19:51:05 - o.s.o.j.LocalContainerEntityManagerFactoryBean - Closing JPA EntityManagerFactory for persistence unit 'default'
2025-01-26 19:51:05 - com.zaxxer.hikari.HikariDataSource - HikariPool-1 - Shutdown initiated...
2025-01-26 19:51:05 - com.zaxxer.hikari.HikariDataSource - HikariPool-1 - Shutdown completed.
2025-01-26 19:51:05 - c.m.d.DatamaskingApplication - Starting DatamaskingApplication using Java 22.0.1 with PID 14072 (D:\coding\SpringBoot\datamasking\target\classes started by ASUS in D:\coding\SpringBoot\datamasking)
2025-01-26 19:51:05 - c.m.d.DatamaskingApplication - No active profile set, falling back to 1 default profile: "default"
2025-01-26 19:51:05 - o.s.d.r.c.RepositoryConfigurationDelegate - Bootstrapping Spring Data JPA repositories in DEFAULT mode.
2025-01-26 19:51:05 - o.s.d.r.c.RepositoryConfigurationDelegate - Finished Spring Data repository scanning in 20 ms. Found 1 JPA repository interface.
2025-01-26 19:51:06 - o.s.b.w.e.tomcat.TomcatWebServer - Tomcat initialized with port 8080 (http)
2025-01-26 19:51:06 - o.a.coyote.http11.Http11NioProtocol - Initializing ProtocolHandler ["http-nio-8080"]
2025-01-26 19:51:06 - o.a.catalina.core.StandardService - Starting service [Tomcat]
2025-01-26 19:51:06 - o.a.catalina.core.StandardEngine - Starting Servlet engine: [Apache Tomcat/10.1.34]
2025-01-26 19:51:06 - o.a.c.c.C.[Tomcat].[localhost].[/] - Initializing Spring embedded WebApplicationContext
2025-01-26 19:51:06 - o.s.b.w.s.c.ServletWebServerApplicationContext - Root WebApplicationContext: initialization completed in 839 ms
2025-01-26 19:51:06 - o.h.jpa.internal.util.LogHelper - HHH000204: Processing PersistenceUnitInfo [name: default]
2025-01-26 19:51:06 - o.h.c.i.RegionFactoryInitiator - HHH000026: Second-level cache disabled
2025-01-26 19:51:06 - o.s.o.j.p.SpringPersistenceUnitInfo - No LoadTimeWeaver setup: ignoring JPA class transformer
2025-01-26 19:51:06 - com.zaxxer.hikari.HikariDataSource - HikariPool-2 - Starting...
2025-01-26 19:51:06 - com.zaxxer.hikari.pool.HikariPool - HikariPool-2 - Added connection com.mysql.cj.jdbc.ConnectionImpl@3d006779
2025-01-26 19:51:06 - com.zaxxer.hikari.HikariDataSource - HikariPool-2 - Start completed.
2025-01-26 19:51:06 - org.hibernate.orm.deprecation - HHH90000025: MySQLDialect does not need to be specified explicitly using 'hibernate.dialect' (remove the property setting and it will be selected by default)
2025-01-26 19:51:06 - o.hibernate.orm.connections.pooling - HHH10001005: Database info:
	Database JDBC URL [Connecting through datasource 'HikariDataSource (HikariPool-2)']
	Database driver: undefined/unknown
	Database version: 8.0.32
	Autocommit mode: undefined/unknown
	Isolation level: undefined/unknown
	Minimum pool size: undefined/unknown
	Maximum pool size: undefined/unknown
2025-01-26 19:51:06 - o.h.e.t.j.p.i.JtaPlatformInitiator - HHH000489: No JTA platform available (set 'hibernate.transaction.jta.platform' to enable JTA platform integration)
2025-01-26 19:51:06 - o.s.o.j.LocalContainerEntityManagerFactoryBean - Initialized JPA EntityManagerFactory for persistence unit 'default'
2025-01-26 19:51:06 - o.s.s.c.a.a.c.InitializeAuthenticationProviderBeanManagerConfigurer$InitializeAuthenticationProviderManagerConfigurer - Global AuthenticationManager configured with AuthenticationProvider bean with name authenticationProvider
2025-01-26 19:51:06 - o.s.s.c.a.a.c.InitializeUserDetailsBeanManagerConfigurer$InitializeUserDetailsManagerConfigurer - Global AuthenticationManager configured with an AuthenticationProvider bean. UserDetailsService beans will not be used by Spring Security for automatically configuring username/password login. Consider removing the AuthenticationProvider bean. Alternatively, consider using the UserDetailsService in a manually instantiated DaoAuthenticationProvider. If the current configuration is intentional, to turn off this warning, increase the logging level of 'org.springframework.security.config.annotation.authentication.configuration.InitializeUserDetailsBeanManagerConfigurer' to ERROR
2025-01-26 19:51:07 - o.s.b.a.o.j.JpaBaseConfiguration$JpaWebConfiguration - spring.jpa.open-in-view is enabled by default. Therefore, database queries may be performed during view rendering. Explicitly configure spring.jpa.open-in-view to disable this warning
2025-01-26 19:51:07 - o.s.b.d.a.OptionalLiveReloadServer - LiveReload server is running on port 35729
2025-01-26 19:51:07 - o.a.coyote.http11.Http11NioProtocol - Starting ProtocolHandler ["http-nio-8080"]
2025-01-26 19:51:07 - o.s.b.w.e.tomcat.TomcatWebServer - Tomcat started on port 8080 (http) with context path '/'
2025-01-26 19:51:07 - c.m.d.DatamaskingApplication - Started DatamaskingApplication in 2.573 seconds (process running for 261.68)
2025-01-26 19:51:07 - o.s.b.d.a.ConditionEvaluationDeltaLoggingListener - Condition evaluation unchanged
2025-01-26 19:51:20 - o.a.c.c.C.[Tomcat].[localhost].[/] - Initializing Spring DispatcherServlet 'dispatcherServlet'
2025-01-26 19:51:20 - o.s.web.servlet.DispatcherServlet - Initializing Servlet 'dispatcherServlet'
2025-01-26 19:51:20 - o.s.web.servlet.DispatcherServlet - Completed initialization in 0 ms
2025-01-26 19:51:20 - c.m.datamasking.Custom.LoggingAspect - 
Before Method execution.

2025-01-26 19:51:20 - c.m.datamasking.Custom.LoggingAspect - Before executing transferMoney method...
2025-01-26 19:51:20 - c.m.datamasking.Custom.LoggingAspect - Input Details: 
2025-01-26 19:51:20 - c.m.datamasking.Custom.LoggingAspect - From Account: 123def
2025-01-26 19:51:20 - c.m.datamasking.Custom.LoggingAspect - Amount: $100.0
2025-01-26 19:51:20 - c.m.datamasking.Custom.LoggingAspect - inside transfer
2025-01-26 19:51:20 - c.m.datamasking.Custom.LoggingAspect - After executing transferMoney method...
2025-01-26 19:51:20 - c.m.datamasking.Custom.LoggingAspect - Result: Transferred $100.0 from 123def to 123abc
2025-01-26 19:53:45 - o.s.b.d.a.LocalDevToolsAutoConfiguration$RestartingClassPathChangeChangedEventListener - Restarting due to 1 class path change (0 additions, 0 deletions, 1 modification)
2025-01-26 19:53:45 - o.s.b.w.e.tomcat.GracefulShutdown - Commencing graceful shutdown. Waiting for active requests to complete
2025-01-26 19:53:45 - o.a.coyote.http11.Http11NioProtocol - Pausing ProtocolHandler ["http-nio-8080"]
2025-01-26 19:53:45 - o.s.b.w.e.tomcat.GracefulShutdown - Graceful shutdown complete
2025-01-26 19:53:45 - o.a.coyote.http11.Http11NioProtocol - Stopping ProtocolHandler ["http-nio-8080"]
2025-01-26 19:53:45 - o.s.o.j.LocalContainerEntityManagerFactoryBean - Closing JPA EntityManagerFactory for persistence unit 'default'
2025-01-26 19:53:45 - com.zaxxer.hikari.HikariDataSource - HikariPool-2 - Shutdown initiated...
2025-01-26 19:53:45 - com.zaxxer.hikari.HikariDataSource - HikariPool-2 - Shutdown completed.
